[{"line":1,"elements":[{"start_timestamp":"2024-09-02T07:08:35.842Z","line":3,"name":"Validate shopper can login using valid credentials","description":"","id":"shopperstacklogin;validate-shopper-can-login-using-valid-credentials","type":"scenario","keyword":"Scenario","steps":[{"result":{"duration":7003504600,"status":"passed"},"line":5,"name":"Browser is open and URL navigated","match":{"location":"stepDefinition.SSLogin.browser_is_open_and_url_navigated()"},"keyword":"Given "},{"result":{"duration":6540719400,"status":"passed"},"line":6,"name":"Login page will be displayed","match":{"location":"stepDefinition.SSLogin.login_page_will_be_displayed()"},"keyword":"And "},{"result":{"duration":63758100,"status":"passed"},"line":7,"name":"Shopper Login is Displayed","match":{"location":"stepDefinition.SSLogin.shopper_login_is_displayed()"},"keyword":"And "},{"result":{"duration":434801700,"status":"passed"},"line":8,"name":"User enters \"qa_testmerchantdell@gmail.com\" and \"Password@123\"","match":{"arguments":[{"val":"\"qa_testmerchantdell@gmail.com\"","offset":12},{"val":"\"Password@123\"","offset":48}],"location":"stepDefinition.SSLogin.user_enters_and(java.lang.String,java.lang.String)"},"keyword":"When "},{"result":{"duration":73017200,"status":"passed"},"line":9,"name":"clicks on login button","match":{"location":"stepDefinition.SSLogin.clicks_on_login_button()"},"keyword":"And "},{"result":{"duration":1226280100,"status":"passed"},"line":10,"name":"shopper should be successfully logged in","match":{"location":"stepDefinition.SSLogin.shopper_should_be_successfully_logged_in()"},"keyword":"Then "},{"result":{"duration":1484227700,"status":"passed"},"line":11,"name":"Browser must be closed","match":{"location":"stepDefinition.SSLogin.browser_must_be_closed()"},"keyword":"And "}]},{"start_timestamp":"2024-09-02T07:08:52.843Z","line":13,"name":"Validate Merchant can login using valid credentials","description":"","id":"shopperstacklogin;validate-merchant-can-login-using-valid-credentials","type":"scenario","keyword":"Scenario","steps":[{"result":{"duration":5451546200,"status":"passed"},"line":15,"name":"Browser is open and URL navigated","match":{"location":"stepDefinition.SSLogin.browser_is_open_and_url_navigated()"},"keyword":"Given "},{"result":{"duration":6223276200,"status":"passed"},"line":16,"name":"Login page will be displayed","match":{"location":"stepDefinition.SSLogin.login_page_will_be_displayed()"},"keyword":"And "},{"result":{"status":"passed"},"line":17,"name":"Merchant Login is Displayed","match":{"location":"stepDefinition.SSLogin.merchant_login_is_displayed()"},"keyword":"And "},{"result":{"duration":503832900,"status":"passed"},"line":18,"name":"User enters \"qa_merchantlogin@gmail.com\" and \"Password@123\"","match":{"arguments":[{"val":"\"qa_merchantlogin@gmail.com\"","offset":12},{"val":"\"Password@123\"","offset":45}],"location":"stepDefinition.SSLogin.user_enters_and(java.lang.String,java.lang.String)"},"keyword":"When "},{"result":{"status":"passed"},"line":19,"name":"clicks on  login button","match":{"location":"stepDefinition.SSLogin.clicks_on_login_button1()"},"keyword":"And "},{"result":{"status":"passed"},"line":20,"name":"Merchant should be successfully logged in","match":{"location":"stepDefinition.SSLogin.merchant_should_be_successfully_logged_in()"},"keyword":"Then "},{"result":{"duration":611286300,"status":"passed"},"line":21,"name":"Browser must be closed","match":{"location":"stepDefinition.SSLogin.browser_must_be_closed()"},"keyword":"And "}]},{"start_timestamp":"2024-09-02T07:09:05.668Z","line":23,"name":"Validate Admin can login using valid credentials","description":"","id":"shopperstacklogin;validate-admin-can-login-using-valid-credentials","type":"scenario","keyword":"Scenario","steps":[{"result":{"duration":5200733600,"status":"passed"},"line":25,"name":"Browser is open and URL navigated","match":{"location":"stepDefinition.SSLogin.browser_is_open_and_url_navigated()"},"keyword":"Given "},{"result":{"duration":5837156700,"status":"passed"},"line":26,"name":"Login page will be displayed","match":{"location":"stepDefinition.SSLogin.login_page_will_be_displayed()"},"keyword":"And "},{"result":{"duration":109543400,"status":"passed"},"line":27,"name":"Admin Login is Displayed","match":{"location":"stepDefinition.SSLogin.admin_login_is_displayed()"},"keyword":"And "},{"result":{"duration":429517400,"status":"passed"},"line":28,"name":"User enters \"qa_testadmindell@gmail.com\" and \"Password@123\"","match":{"arguments":[{"val":"\"qa_testadmindell@gmail.com\"","offset":12},{"val":"\"Password@123\"","offset":45}],"location":"stepDefinition.SSLogin.user_enters_and(java.lang.String,java.lang.String)"},"keyword":"When "},{"result":{"duration":1000000,"status":"passed"},"line":29,"name":"clicks on  login button","match":{"location":"stepDefinition.SSLogin.clicks_on_login_button1()"},"keyword":"And "},{"result":{"error_message":"org.openqa.selenium.NoSuchElementException: no such element: Unable to locate element: {\"method\":\"xpath\",\"selector\":\"//button[text()='Approved Merchant']\"}\n  (Session info: chrome=128.0.6613.113)\nFor documentation on this error, please visit: https://www.selenium.dev/documentation/webdriver/troubleshooting/errors#no-such-element-exception\nBuild info: version: '4.12.0', revision: '249f2a7d1b*'\nSystem info: os.name: 'Windows 11', os.arch: 'amd64', os.version: '10.0', java.version: '21.0.1'\nDriver info: org.openqa.selenium.chrome.ChromeDriver\nCommand: [072c70ad47ff025615db42d49679d2b7, findElement {using=xpath, value=//button[text()='Approved Merchant']}]\nCapabilities {acceptInsecureCerts: false, browserName: chrome, browserVersion: 128.0.6613.113, chrome: {chromedriverVersion: 128.0.6613.86 (3045ed680fda..., userDataDir: C:\\Users\\RAGHAV~1\\AppData\\L...}, fedcm:accounts: true, goog:chromeOptions: {debuggerAddress: localhost:52978}, networkConnectionEnabled: false, pageLoadStrategy: normal, platformName: windows, proxy: Proxy(), se:cdp: ws://localhost:52978/devtoo..., se:cdpVersion: 128.0.6613.113, setWindowRect: true, strictFileInteractability: false, timeouts: {implicit: 0, pageLoad: 300000, script: 30000}, unhandledPromptBehavior: dismiss and notify, webauthn:extension:credBlob: true, webauthn:extension:largeBlob: true, webauthn:extension:minPinLength: true, webauthn:extension:prf: true, webauthn:virtualAuthenticators: true}\nSession ID: 072c70ad47ff025615db42d49679d2b7\r\n\tat java.base/jdk.internal.reflect.DirectConstructorHandleAccessor.newInstance(DirectConstructorHandleAccessor.java:62)\r\n\tat java.base/java.lang.reflect.Constructor.newInstanceWithCaller(Constructor.java:502)\r\n\tat java.base/java.lang.reflect.Constructor.newInstance(Constructor.java:486)\r\n\tat org.openqa.selenium.remote.codec.w3c.W3CHttpResponseCodec.createException(W3CHttpResponseCodec.java:200)\r\n\tat org.openqa.selenium.remote.codec.w3c.W3CHttpResponseCodec.decode(W3CHttpResponseCodec.java:133)\r\n\tat org.openqa.selenium.remote.codec.w3c.W3CHttpResponseCodec.decode(W3CHttpResponseCodec.java:52)\r\n\tat org.openqa.selenium.remote.HttpCommandExecutor.execute(HttpCommandExecutor.java:191)\r\n\tat org.openqa.selenium.remote.service.DriverCommandExecutor.invokeExecute(DriverCommandExecutor.java:196)\r\n\tat org.openqa.selenium.remote.service.DriverCommandExecutor.execute(DriverCommandExecutor.java:171)\r\n\tat org.openqa.selenium.remote.RemoteWebDriver.execute(RemoteWebDriver.java:602)\r\n\tat org.openqa.selenium.remote.ElementLocation$ElementFinder$2.findElement(ElementLocation.java:165)\r\n\tat org.openqa.selenium.remote.ElementLocation.findElement(ElementLocation.java:59)\r\n\tat org.openqa.selenium.remote.RemoteWebDriver.findElement(RemoteWebDriver.java:359)\r\n\tat org.openqa.selenium.remote.RemoteWebDriver.findElement(RemoteWebDriver.java:353)\r\n\tat stepDefinition.SSLogin.admin_should_be_successfully_logged_in(SSLogin.java:77)\r\n\tat âœ½.Admin should be successfully logged in(file:///C:/Users/RAGHAVAMMA/eclipse-workspace/Programs_practice/BDDFramework/./src/test/java/features/SSLogin.feature:30)\r\n","duration":20026173200,"status":"failed"},"line":30,"name":"Admin should be successfully logged in","match":{"location":"stepDefinition.SSLogin.admin_should_be_successfully_logged_in()"},"keyword":"Then "},{"result":{"status":"skipped"},"line":31,"name":"Browser must be closed","match":{"location":"stepDefinition.SSLogin.browser_must_be_closed()"},"keyword":"And "}]}],"name":"ShopperStackLogin","description":"","id":"shopperstacklogin","keyword":"Feature","uri":"file:src/test/java/features/SSLogin.feature","tags":[]},{"line":1,"elements":[{"start_timestamp":"2024-09-02T07:09:37.301Z","line":4,"name":"","description":"Validate user is able to Login with valid credentials","id":"login;","type":"scenario","keyword":"Scenario","steps":[]}],"name":"Login","description":"","id":"login","keyword":"Feature","uri":"file:src/test/java/features/login.feature","tags":[]},{"line":1,"elements":[{"start_timestamp":"2024-09-02T07:09:37.315Z","line":3,"name":"","description":"User should be able to register using valid credentials","id":"register;","type":"scenario","keyword":"Scenario","steps":[]}],"name":"Register","description":"","id":"register","keyword":"Feature","uri":"file:src/test/java/features/register.feature","tags":[]},{"line":1,"elements":[{"start_timestamp":"2024-09-02T07:09:37.325Z","line":2,"name":"Failure while executing Cucumber","description":"","id":"failure;failure-while-executing-cucumber","type":"scenario","keyword":"Scenario","steps":[{"result":{"duration":0,"status":"passed"},"line":3,"name":"Cucumber failed while executing","match":{"arguments":[],"location":"io.cucumber.core.Failure.failure_while_executing_cucumber()"},"keyword":"When "},{"result":{"duration":0,"error_message":"io.cucumber.core.exception.CompositeCucumberException: There were 2 exceptions. The details are in the stacktrace below.\r\n\tat io.cucumber.core.runtime.RethrowingThrowableCollector.getThrowable(RethrowingThrowableCollector.java:57)\r\n\tat io.cucumber.core.runtime.CucumberExecutionContext.getThrowable(CucumberExecutionContext.java:109)\r\n\tat io.cucumber.core.runtime.CucumberExecutionContext.finishTestRun(CucumberExecutionContext.java:104)\r\n\tat io.cucumber.testng.TestNGCucumberRunner.finish(TestNGCucumberRunner.java:145)\r\n\tat io.cucumber.testng.AbstractTestNGCucumberTests.tearDownClass(AbstractTestNGCucumberTests.java:57)\r\n\tat java.base/jdk.internal.reflect.DirectMethodHandleAccessor.invoke(DirectMethodHandleAccessor.java:103)\r\n\tat java.base/java.lang.reflect.Method.invoke(Method.java:580)\r\n\tat org.testng.internal.MethodInvocationHelper.invokeMethod(MethodInvocationHelper.java:133)\r\n\tat org.testng.internal.MethodInvocationHelper.invokeMethodConsideringTimeout(MethodInvocationHelper.java:62)\r\n\tat org.testng.internal.ConfigInvoker.invokeConfigurationMethod(ConfigInvoker.java:385)\r\n\tat org.testng.internal.ConfigInvoker.invokeConfigurations(ConfigInvoker.java:321)\r\n\tat org.testng.internal.TestMethodWorker.invokeAfterClassMethods(TestMethodWorker.java:217)\r\n\tat org.testng.internal.TestMethodWorker.run(TestMethodWorker.java:130)\r\n\tat java.base/java.util.ArrayList.forEach(ArrayList.java:1596)\r\n\tat org.testng.TestRunner.privateRun(TestRunner.java:794)\r\n\tat org.testng.TestRunner.run(TestRunner.java:596)\r\n\tat org.testng.SuiteRunner.runTest(SuiteRunner.java:377)\r\n\tat org.testng.SuiteRunner.runSequentially(SuiteRunner.java:371)\r\n\tat org.testng.SuiteRunner.privateRun(SuiteRunner.java:332)\r\n\tat org.testng.SuiteRunner.run(SuiteRunner.java:276)\r\n\tat org.testng.SuiteRunnerWorker.runSuite(SuiteRunnerWorker.java:53)\r\n\tat org.testng.SuiteRunnerWorker.run(SuiteRunnerWorker.java:96)\r\n\tat org.testng.TestNG.runSuitesSequentially(TestNG.java:1212)\r\n\tat org.testng.TestNG.runSuitesLocally(TestNG.java:1134)\r\n\tat org.testng.TestNG.runSuites(TestNG.java:1063)\r\n\tat org.testng.TestNG.run(TestNG.java:1031)\r\n\tat org.testng.remote.AbstractRemoteTestNG.run(AbstractRemoteTestNG.java:115)\r\n\tat org.testng.remote.RemoteTestNG.initAndRun(RemoteTestNG.java:293)\r\n\tat org.testng.remote.RemoteTestNG.main(RemoteTestNG.java:91)\r\n\tSuppressed: java.lang.IllegalArgumentException: Test name must not be null or empty\r\n\t\tat com.aventstack.extentreports.util.Assert.notEmpty(Assert.java:12)\r\n\t\tat com.aventstack.extentreports.ExtentTest.<init>(ExtentTest.java:96)\r\n\t\tat com.aventstack.extentreports.ExtentTest.createNode(ExtentTest.java:153)\r\n\t\tat com.aventstack.extentreports.cucumber.adapter.ExtentCucumberAdapter.createTestCase(ExtentCucumberAdapter.java:427)\r\n\t\tat com.aventstack.extentreports.cucumber.adapter.ExtentCucumberAdapter.handleTestCaseStarted(ExtentCucumberAdapter.java:163)\r\n\t\tat com.aventstack.extentreports.cucumber.adapter.ExtentCucumberAdapter.access$100(ExtentCucumberAdapter.java:63)\r\n\t\tat com.aventstack.extentreports.cucumber.adapter.ExtentCucumberAdapter$3.receive(ExtentCucumberAdapter.java:107)\r\n\t\tat com.aventstack.extentreports.cucumber.adapter.ExtentCucumberAdapter$3.receive(ExtentCucumberAdapter.java:104)\r\n\t\tat io.cucumber.core.eventbus.AbstractEventPublisher.send(AbstractEventPublisher.java:51)\r\n\t\tat io.cucumber.core.eventbus.AbstractEventBus.send(AbstractEventBus.java:12)\r\n\t\tat io.cucumber.core.runtime.SynchronizedEventBus.send(SynchronizedEventBus.java:47)\r\n\t\tat io.cucumber.core.runtime.ThreadLocalRunnerSupplier$LocalEventBus.send(ThreadLocalRunnerSupplier.java:62)\r\n\t\tat io.cucumber.core.runner.TestCase.emitTestCaseStarted(TestCase.java:206)\r\n\t\tat io.cucumber.core.runner.TestCase.run(TestCase.java:72)\r\n\t\tat io.cucumber.core.runner.Runner.runPickle(Runner.java:75)\r\n\t\tat io.cucumber.testng.TestNGCucumberRunner.lambda$runScenario$1(TestNGCucumberRunner.java:132)\r\n\t\tat io.cucumber.core.runtime.CucumberExecutionContext.lambda$runTestCase$5(CucumberExecutionContext.java:137)\r\n\t\tat io.cucumber.core.runtime.RethrowingThrowableCollector.executeAndThrow(RethrowingThrowableCollector.java:23)\r\n\t\tat io.cucumber.core.runtime.CucumberExecutionContext.runTestCase(CucumberExecutionContext.java:137)\r\n\t\tat io.cucumber.testng.TestNGCucumberRunner.runScenario(TestNGCucumberRunner.java:129)\r\n\t\tat io.cucumber.testng.AbstractTestNGCucumberTests.runScenario(AbstractTestNGCucumberTests.java:35)\r\n\t\tat java.base/jdk.internal.reflect.DirectMethodHandleAccessor.invoke(DirectMethodHandleAccessor.java:103)\r\n\t\tat java.base/java.lang.reflect.Method.invoke(Method.java:580)\r\n\t\tat org.testng.internal.MethodInvocationHelper.invokeMethod(MethodInvocationHelper.java:133)\r\n\t\tat org.testng.internal.TestInvoker.invokeMethod(TestInvoker.java:598)\r\n\t\tat org.testng.internal.TestInvoker.invokeTestMethod(TestInvoker.java:173)\r\n\t\tat org.testng.internal.MethodRunner.runInSequence(MethodRunner.java:46)\r\n\t\tat org.testng.internal.TestInvoker$MethodInvocationAgent.invoke(TestInvoker.java:824)\r\n\t\tat org.testng.internal.TestInvoker.invokeTestMethods(TestInvoker.java:146)\r\n\t\tat org.testng.internal.TestMethodWorker.invokeTestMethods(TestMethodWorker.java:146)\r\n\t\tat org.testng.internal.TestMethodWorker.run(TestMethodWorker.java:128)\r\n\t\t... 16 more\r\n\tSuppressed: java.lang.IllegalArgumentException: Test name must not be null or empty\r\n\t\tat com.aventstack.extentreports.util.Assert.notEmpty(Assert.java:12)\r\n\t\tat com.aventstack.extentreports.ExtentTest.<init>(ExtentTest.java:96)\r\n\t\tat com.aventstack.extentreports.ExtentTest.createNode(ExtentTest.java:153)\r\n\t\tat com.aventstack.extentreports.cucumber.adapter.ExtentCucumberAdapter.createTestCase(ExtentCucumberAdapter.java:427)\r\n\t\tat com.aventstack.extentreports.cucumber.adapter.ExtentCucumberAdapter.handleTestCaseStarted(ExtentCucumberAdapter.java:163)\r\n\t\tat com.aventstack.extentreports.cucumber.adapter.ExtentCucumberAdapter.access$100(ExtentCucumberAdapter.java:63)\r\n\t\tat com.aventstack.extentreports.cucumber.adapter.ExtentCucumberAdapter$3.receive(ExtentCucumberAdapter.java:107)\r\n\t\tat com.aventstack.extentreports.cucumber.adapter.ExtentCucumberAdapter$3.receive(ExtentCucumberAdapter.java:104)\r\n\t\tat io.cucumber.core.eventbus.AbstractEventPublisher.send(AbstractEventPublisher.java:51)\r\n\t\tat io.cucumber.core.eventbus.AbstractEventBus.send(AbstractEventBus.java:12)\r\n\t\tat io.cucumber.core.runtime.SynchronizedEventBus.send(SynchronizedEventBus.java:47)\r\n\t\tat io.cucumber.core.runtime.ThreadLocalRunnerSupplier$LocalEventBus.send(ThreadLocalRunnerSupplier.java:62)\r\n\t\tat io.cucumber.core.runner.TestCase.emitTestCaseStarted(TestCase.java:206)\r\n\t\tat io.cucumber.core.runner.TestCase.run(TestCase.java:72)\r\n\t\tat io.cucumber.core.runner.Runner.runPickle(Runner.java:75)\r\n\t\tat io.cucumber.testng.TestNGCucumberRunner.lambda$runScenario$1(TestNGCucumberRunner.java:132)\r\n\t\tat io.cucumber.core.runtime.CucumberExecutionContext.lambda$runTestCase$5(CucumberExecutionContext.java:137)\r\n\t\tat io.cucumber.core.runtime.RethrowingThrowableCollector.executeAndThrow(RethrowingThrowableCollector.java:23)\r\n\t\tat io.cucumber.core.runtime.CucumberExecutionContext.runTestCase(CucumberExecutionContext.java:137)\r\n\t\tat io.cucumber.testng.TestNGCucumberRunner.runScenario(TestNGCucumberRunner.java:129)\r\n\t\tat io.cucumber.testng.AbstractTestNGCucumberTests.runScenario(AbstractTestNGCucumberTests.java:35)\r\n\t\tat java.base/jdk.internal.reflect.DirectMethodHandleAccessor.invoke(DirectMethodHandleAccessor.java:103)\r\n\t\tat java.base/java.lang.reflect.Method.invoke(Method.java:580)\r\n\t\tat org.testng.internal.MethodInvocationHelper.invokeMethod(MethodInvocationHelper.java:133)\r\n\t\tat org.testng.internal.TestInvoker.invokeMethod(TestInvoker.java:598)\r\n\t\tat org.testng.internal.TestInvoker.invokeTestMethod(TestInvoker.java:173)\r\n\t\tat org.testng.internal.MethodRunner.runInSequence(MethodRunner.java:46)\r\n\t\tat org.testng.internal.TestInvoker$MethodInvocationAgent.invoke(TestInvoker.java:824)\r\n\t\tat org.testng.internal.TestInvoker.invokeTestMethods(TestInvoker.java:146)\r\n\t\tat org.testng.internal.TestMethodWorker.invokeTestMethods(TestMethodWorker.java:146)\r\n\t\tat org.testng.internal.TestMethodWorker.run(TestMethodWorker.java:128)\r\n\t\t... 16 more\r\n","status":"failed"},"line":4,"name":"Cucumber will report this error:","match":{"arguments":[],"location":"io.cucumber.core.Failure.cucumber_reports_this_error()"},"keyword":"Then "}]}],"name":"Test run failed","description":"There were errors during the execution","id":"failure","keyword":"Feature","uri":"classpath:io/cucumber/core/failure.feature","tags":[]}]